<?xml version="1.0" encoding="UTF-8"?>
<!-- Generated by org.testng.reporters.JUnitReportReporter -->
<testsuite skipped="0" hostname="DESKTOP-N308L1J" name="util.BrwoserFactory" tests="1" failures="0" timestamp="11 Jul 2021 15:41:57 GMT" time="4.789" errors="0">
  <testcase name="init" time="4.789" classname="util.BrwoserFactory"/>
</testsuite> <!-- util.BrwoserFactory -->
