<?xml version="1.0" encoding="UTF-8"?>
<!-- Generated by org.testng.reporters.JUnitReportReporter -->
<testsuite skipped="0" hostname="DESKTOP-N308L1J" name="test.LoginTest" tests="1" failures="0" timestamp="11 Jul 2021 17:29:32 GMT" time="15.399" errors="0">
  <testcase name="loginTest" time="15.399" classname="test.LoginTest"/>
</testsuite> <!-- test.LoginTest -->
