<?xml version="1.0" encoding="UTF-8"?>
<!-- Generated by org.testng.reporters.JUnitReportReporter -->
<testsuite skipped="0" hostname="DESKTOP-N308L1J" name="test.AddCustomerTest" tests="1" failures="0" timestamp="11 Jul 2021 18:27:50 GMT" time="14.632" errors="0">
  <testcase name="validUserShouldBeAbleToAddCustomer" time="14.632" classname="test.AddCustomerTest"/>
</testsuite> <!-- test.AddCustomerTest -->
